2018-01-27 18:47:54.046969 connected
2018-01-27 18:56:40.636883 0 000000112051099
2018-01-27 19:10:38.921519 connected
2018-01-27 19:11:08.952311 0 000000112051099
2018-01-27 19:13:36.415975 0 000000112051099
2018-01-27 19:23:47.971786 trying to reconect 1
2018-01-27 19:23:48.294000 trying to reconect 2
2018-01-27 19:23:48.527553 connected
2018-01-27 19:24:38.179183 0 080000068100064
2018-01-27 19:24:42.607554 0 080000068076053
2018-01-27 19:34:31.211291 trying to reconect 1
2018-01-27 19:34:31.500768 trying to reconect 2
2018-01-27 19:34:31.701154 trying to reconect 3
2018-01-27 19:34:31.901607 trying to reconect 4
2018-01-27 19:34:32.102066 trying to reconect 5
2018-01-27 19:34:32.389969 connected
2018-01-27 19:35:32.102415 0 080000068100064
2018-01-27 19:35:36.730688 0 080000068076053
2018-01-27 19:35:41.059108 0 080000068100064
2018-01-27 19:38:23.281924 trying to reconect 1
2018-01-27 19:38:23.589931 trying to reconect 2
2018-01-27 19:38:23.790303 trying to reconect 3
2018-01-27 19:38:23.995090 trying to reconect 4
2018-01-27 19:38:24.195506 trying to reconect 5
2018-01-27 19:38:24.479931 connected
2018-01-27 19:40:32.905927 trying to reconect 1
2018-01-27 19:40:33.295556 trying to reconect 2
2018-01-27 19:40:33.496121 trying to reconect 3
2018-01-27 19:40:33.696468 trying to reconect 4
2018-01-27 19:40:33.896837 trying to reconect 5
2018-01-27 19:40:34.097302 trying to reconect 6
2018-01-27 19:40:34.297792 trying to reconect 7
2018-01-27 19:40:34.498150 trying to reconect 8
2018-01-27 19:40:34.698523 trying to reconect 9
2018-01-27 19:40:34.953691 trying to reconect 10
2018-01-27 19:40:35.154116 trying to reconect 11
2018-01-27 19:40:35.484623 connected
2018-01-27 19:47:29.550457 connected
2018-01-27 19:48:05.493686 0 080000068100064
2018-01-27 19:48:10.124109 0 080000068100064
2018-01-28 16:18:27.227608 connected
2018-01-28 16:19:03.098233 0 000000118132095
2018-01-28 16:19:07.322655 0 000000118132095
2018-01-28 16:20:32.150084 0 080000068100064
2018-01-28 16:24:34.113079 0 000000118132095
2018-01-28 16:24:58.869719 0 000000118132064
2018-01-28 16:25:08.536491 0 080000068076053
2018-01-28 16:25:24.951714 0 000000113034009
2018-01-28 16:25:53.040544 0 000000117219243
2018-01-28 16:26:29.107067 0 000000112241021
2018-01-28 16:26:37.366121 0 000000113006101
2018-01-28 16:26:45.424858 0 000000113008196
2018-01-28 16:38:01.487508 connection lost
2018-01-28 16:38:01.688263 trying to reconect 1
2018-01-28 16:38:01.889121 trying to reconect 2
2018-01-28 16:38:02.089731 trying to reconect 3
2018-01-28 16:38:02.290192 trying to reconect 4
2018-01-28 16:38:02.490819 trying to reconect 5
2018-01-28 16:38:02.691625 trying to reconect 6
2018-01-28 16:38:02.892216 trying to reconect 7
2018-01-28 16:38:03.092630 trying to reconect 8
2018-01-28 16:38:03.292916 trying to reconect 9
2018-01-28 16:38:03.494065 trying to reconect 10
2018-01-28 16:38:03.694676 trying to reconect 11
2018-01-28 16:38:03.895373 trying to reconect 12
2018-01-28 16:38:04.096040 trying to reconect 13
2018-01-28 16:38:04.296681 trying to reconect 14
2018-01-28 16:38:04.497477 trying to reconect 15
2018-01-28 16:38:04.698156 trying to reconect 16
2018-01-28 16:38:04.898809 trying to reconect 17
2018-01-28 16:38:05.099543 trying to reconect 18
2018-01-28 16:38:05.300461 trying to reconect 19
2018-01-28 16:38:05.501167 trying to reconect 20
2018-01-28 16:38:05.701851 trying to reconect 21
2018-01-28 16:38:05.902543 trying to reconect 22
2018-01-28 16:38:06.103250 trying to reconect 23
2018-01-28 16:38:06.304034 trying to reconect 24
2018-01-28 16:38:06.504727 trying to reconect 25
2018-01-28 16:38:06.705466 trying to reconect 26
2018-01-28 16:38:06.906241 trying to reconect 27
2018-01-28 16:38:07.106919 trying to reconect 28
2018-01-28 16:38:07.307645 trying to reconect 29
2018-01-28 16:38:07.508691 trying to reconect 30
2018-01-28 16:38:07.709293 trying to reconect 31
2018-01-28 16:38:07.910357 trying to reconect 32
2018-01-28 16:38:08.111169 trying to reconect 33
2018-01-28 16:38:08.311870 trying to reconect 34
2018-01-28 16:38:08.512546 trying to reconect 35
2018-01-28 16:38:08.713329 trying to reconect 36
2018-01-28 16:38:08.914666 trying to reconect 37
2018-01-28 16:38:09.115281 trying to reconect 38
2018-01-28 16:38:09.315778 trying to reconect 39
2018-01-28 16:38:09.516406 trying to reconect 40
2018-01-28 16:38:09.717238 trying to reconect 41
2018-01-28 16:38:09.918485 trying to reconect 42
2018-01-28 16:38:10.119703 trying to reconect 43
2018-01-28 16:38:10.320597 trying to reconect 44
2018-01-28 16:38:10.521825 trying to reconect 45
2018-01-28 16:38:10.722418 trying to reconect 46
2018-01-28 16:38:10.923426 trying to reconect 47
2018-01-28 16:38:11.124058 trying to reconect 48
2018-01-28 16:38:11.324734 trying to reconect 49
2018-01-28 16:38:11.525527 trying to reconect 50
2018-01-28 16:38:11.726221 trying to reconect 51
2018-01-28 16:38:11.926966 trying to reconect 52
2018-01-28 16:38:12.127737 trying to reconect 53
2018-01-28 16:38:12.328422 trying to reconect 54
2018-01-30 10:23:20.748442 connected
2018-01-30 10:26:51.787725 0 000000113008196
2018-01-30 10:27:12.740848 0 000000113006101
2018-01-30 10:33:37.559565 0 000000091206026
2018-01-30 10:35:32.667577 0 000000091206025
2018-01-30 10:36:30.159050 0 000000118132095
2018-01-30 10:36:45.936563 0 000000118132064
2018-01-30 10:36:50.965469 0 000000118132064
2018-01-30 10:38:26.502287 0 000000118132064
2018-01-30 10:38:38.651929 0 000000091205248
2018-01-30 10:38:43.878883 0 000000091205248
2018-01-30 10:38:54.138408 0 000000055186130
2018-01-30 10:42:28.308868 0 000000113006101
2018-01-30 10:42:33.035244 0 000000113006101
2018-01-30 10:44:37.331031 0 000000113006101
2018-01-30 10:44:41.558146 0 000000113006101
2018-01-30 10:44:50.018490 0 000000113008196
2018-01-30 10:45:02.283773 0 000000112241021
2018-01-30 10:45:17.767622 0 000000112241021
2018-01-30 10:45:21.494800 0 000000112241021
2018-01-30 10:45:27.535570 0 000000117219243
2018-01-30 10:45:42.920072 0 000000117219243
2018-01-30 10:45:46.440474 0 000000117219243
2018-01-30 10:46:00.138506 0 000000117219211
2018-01-30 10:46:10.695300 0 000000118132032
2018-01-30 10:51:20.462080 0 000000131179164
2018-01-30 10:52:04.130634 0 000000131179164
2018-01-30 10:52:07.652027 0 000000131179164
2018-01-30 10:52:22.155352 0 000000113034009
2018-01-30 10:52:35.434272 0 000000113031153
2018-01-30 10:52:51.935545 0 000000131179164
2018-01-30 10:52:54.250304 0 000000131179164
2018-01-30 10:52:56.766217 0 000000113034009
2018-01-30 10:52:59.784964 0 000000113034009
2018-01-30 10:53:02.805661 0 000000113031153
2018-01-30 10:53:55.912905 0 000000113031153
2018-01-30 10:53:58.428659 0 000000113031153
2018-01-30 10:54:02.153955 0 000000120249173
2018-01-30 10:54:18.754876 0 000000112056068
2018-01-30 10:54:32.530761 0 000000117072221
2018-01-30 10:54:47.807252 0 000000118115177
2018-01-30 10:55:11.219781 0 000000118115177
2018-01-30 10:55:14.039213 0 000000117072221
2018-01-30 10:55:15.952266 0 000000112056068
2018-01-30 10:55:18.065777 0 000000120249173
2018-01-30 10:55:20.078489 0 000000113031153
2018-01-30 10:55:21.992273 0 000000113034009
2018-01-30 10:55:25.110543 0 000000131179164
2018-01-30 10:55:29.944144 0 000000113034009
2018-01-30 10:55:31.654668 0 000000113031153
2018-01-30 10:55:34.374093 0 000000120249173
2018-01-30 10:55:36.286908 0 000000112056068
2018-01-30 10:55:38.199519 0 000000117072221
2018-01-30 10:55:40.212753 0 000000118115177
2018-01-30 10:56:56.669481 0 000000118115192
2018-01-30 10:57:26.863469 0 000000112055201
2018-01-30 10:57:38.319214 0 000000112054031
2018-01-30 10:57:57.029287 0 000000091206094
2018-01-30 10:58:11.909203 0 000000091206061
2018-01-30 10:58:23.067143 0 000000130227050
2018-01-30 10:58:35.025555 0 000000130227080
2018-01-30 10:58:42.864348 0 000000130227085
2018-01-30 11:09:35.954633 0 000000115074018
2018-01-30 11:10:24.360016 0 000000114206244
2018-01-30 11:10:44.480979 0 000000115073083
2018-01-30 11:11:01.375099 0 000000112050208
2018-01-30 11:11:14.746420 0 000000118131178
2018-01-30 11:11:26.914737 0 000000118131147
2018-01-30 11:11:42.703976 0 000000055182042
2018-01-30 11:11:56.173563 0 000000118132063
2018-01-30 11:12:07.821308 0 000000118132063
2018-01-30 11:12:10.635941 0 000000118132063
2018-01-30 11:12:51.492951 0 000000091206095
2018-01-30 11:14:29.983667 0 000000091206128
2018-01-30 11:14:47.476807 0 000000118131146
2018-01-30 11:14:59.436583 0 000000130227117
2018-01-31 09:34:00.449096 trying to reconect 1
2018-01-31 09:34:00.939486 trying to reconect 2
2018-01-31 09:34:01.139867 trying to reconect 3
2018-01-31 09:34:01.340238 trying to reconect 4
2018-01-31 09:34:01.540602 trying to reconect 5
2018-01-31 09:34:01.741138 trying to reconect 6
2018-01-31 09:34:01.941729 trying to reconect 7
2018-01-31 09:34:02.142273 trying to reconect 8
2018-01-31 09:34:02.406272 connected
2018-01-31 09:35:51.831243 0 000000118115192
2018-01-31 09:36:07.844234 0 000000130227085
2018-01-31 09:36:19.831934 0 000000114204138
2018-01-31 09:36:37.555147 0 000000118115192
2018-01-31 09:38:54.358466 0 000000131179164
2018-01-31 09:43:12.556857 0 000000112055201
2018-01-31 09:43:30.687614 0 000000112054031
2018-01-31 09:43:34.713293 0 000000091206094
2018-01-31 09:43:40.050775 0 000000091206061
2018-01-31 09:43:44.176861 0 000000130227050
2018-01-31 09:43:47.095873 0 000000130227080
2018-01-31 09:43:55.453185 0 000000118115192
2018-01-31 09:44:05.622903 0 000000130227085
2018-01-31 09:44:15.090377 0 000000118115192
2018-01-31 09:45:07.969748 0 000000118115192
2018-01-31 09:45:10.986379 0 000000130227085
2018-01-31 09:45:13.402631 0 000000130227080
2018-01-31 09:45:18.337959 0 000000130227085
2018-01-31 09:45:24.279387 0 000000130227050
2018-01-31 09:45:27.400873 0 000000091206061
2018-01-31 09:45:33.241217 0 000000091206094
2018-01-31 09:45:37.568897 0 000000112054031
2018-01-31 09:45:41.092986 0 000000112055201
2018-01-31 09:49:28.949976 0 000000131179164
2018-01-31 09:49:38.820265 0 000000131179164
2018-01-31 09:49:43.754535 0 000000112055201
2018-01-31 09:49:52.213401 0 000000091206026
2018-01-31 09:50:01.779443 0 000000115074018
2018-01-31 09:51:10.077700 0 000000115074018
2018-01-31 09:51:13.400060 0 000000091206026
2018-01-31 09:51:17.023570 0 000000112055201
2018-01-31 09:51:21.152876 0 000000131179164
2018-01-31 09:52:06.384036 0 000000120249173
2018-01-31 09:52:12.626563 0 000000120249173
2018-01-31 09:52:41.941288 0 000000112054031
2018-01-31 09:52:47.378658 0 000000112055201
2018-01-31 09:52:51.303615 0 000000112055201
2018-01-31 09:52:54.323542 0 000000112054031
2018-01-31 09:53:19.604928 0 000000091206026
2018-01-31 09:53:22.825600 0 000000114206244
2018-01-31 09:53:27.054439 0 000000114206244
2018-01-31 09:53:30.880857 0 000000115074018
2018-01-31 09:53:34.502970 0 000000115074018
2018-01-31 09:53:43.665548 0 000000115073083
2018-01-31 09:53:47.289448 0 000000115073083
2018-01-31 09:54:20.629756 0 000000091206026
2018-01-31 09:54:25.059284 0 000000091206025
2018-01-31 09:54:29.691138 0 000000118132095
2018-01-31 09:54:39.359434 0 000000118132064
2018-01-31 09:55:05.142919 0 000000118132064
2018-01-31 09:55:08.060997 0 000000118132095
2018-01-31 09:55:10.777031 0 000000091206025
2018-01-31 09:56:26.933823 0 000000130227156
2018-01-31 09:56:38.113474 0 000000115073083
2018-01-31 09:56:41.737557 0 000000115073083
2018-01-31 10:11:54.690817 0 000000130227156
2018-01-31 10:12:04.762102 0 000000115073083
2018-01-31 10:12:08.887601 0 000000115073083
2018-01-31 10:13:11.842184 0 000000115073083
2018-01-31 10:13:14.255559 0 000000115074018
2018-01-31 10:13:17.474996 0 000000114206244
2018-01-31 10:13:19.888304 0 000000112050208
2018-01-31 10:13:22.302240 0 000000118131178
2018-01-31 10:13:25.322703 0 000000118131147
2018-01-31 10:13:27.637653 0 000000055182042
2018-01-31 10:13:29.950957 0 000000118132063
2018-01-31 10:13:32.869475 0 000000091206095
2018-01-31 10:13:35.787901 0 000000091206128
2018-01-31 10:13:46.261447 0 000000091206128
2018-01-31 10:13:49.481015 0 000000091206095
2018-01-31 10:13:54.314282 0 000000118131146
2018-01-31 10:13:57.130521 0 000000130227117
2018-01-31 10:15:57.608944 0 000000091206095
2018-01-31 10:16:03.448743 0 000000091206128
2018-01-31 10:16:07.678821 0 000000130227117
2018-01-31 10:16:10.597810 0 000000118131146
2018-01-31 10:16:13.312450 0 000000118132063
2018-01-31 10:16:17.235586 0 000000055182042
2018-01-31 10:16:20.354630 0 000000118131147
2018-01-31 10:16:23.776456 0 000000118131178
2018-01-31 10:16:27.602811 0 000000112050208
2018-01-31 10:16:30.521793 0 000000114206244
2018-01-31 10:16:34.749477 0 000000115074018
2018-01-31 10:16:37.970415 0 000000115073083
2018-01-31 10:18:45.294320 0 000000118115192
2018-01-31 10:18:49.322203 0 000000130227080
2018-01-31 10:18:52.644491 0 000000130227085
2018-01-31 10:18:55.663675 0 000000130227050
2018-01-31 10:18:58.380792 0 000000091206061
2018-01-31 10:19:01.197569 0 000000091206094
2018-01-31 10:19:04.117853 0 000000112054031
2018-01-31 10:19:10.763642 0 000000112055201
2018-01-31 10:19:19.624724 0 000000112055201
2018-01-31 10:19:28.079972 0 000000112054031
2018-01-31 10:19:30.998692 0 000000091206094
2018-01-31 10:19:35.028839 0 000000091206061
2018-01-31 10:19:38.350729 0 000000130227050
2018-01-31 10:19:41.773762 0 000000130227085
2018-01-31 10:19:46.002374 0 000000130227080
2018-01-31 10:19:50.330537 0 000000118115192
2018-01-31 10:19:55.564070 0 000000112055201
2018-01-31 10:19:59.488315 0 000000112055201
2018-01-31 10:23:00.699020 0 000000118115192
2018-01-31 10:23:06.233863 0 000000091206128
2018-01-31 10:23:16.405204 0 000000091206128
2018-01-31 10:23:19.725663 0 000000118115192
2018-01-31 10:23:27.477056 0 000000118115192
2018-01-31 10:23:29.588512 0 000000091206128
2018-01-31 10:23:36.938667 0 000000091206128
2018-01-31 10:23:38.445575 0 000000118115192
2018-01-31 10:23:44.384838 0 000000091206128
2018-01-31 10:24:24.059280 0 000000091206128
2018-01-31 10:24:30.807808 0 000000118115192
2018-01-31 10:24:35.338282 0 000000118115192
2018-01-31 10:31:16.987935 0 083000136186146
2018-01-31 11:29:38.900254 0 000000112057203
2018-01-31 11:35:08.023203 0 000000112054056
2018-01-31 11:35:29.725391 0 000000112054056
2018-01-31 11:35:32.744651 0 000000112054056
2018-01-31 11:35:38.283050 0 000000112049041
2018-01-31 11:36:14.809146 0 000000113221060
2018-01-31 11:36:33.209681 0 000000114204138
2018-01-31 11:36:53.407460 0 000000114204138
2018-01-31 11:36:57.331276 0 000000114204138
2018-01-31 11:37:00.148989 0 000000113221060
2018-01-31 11:37:03.471724 0 000000113221060
2018-01-31 11:37:06.693480 0 000000113169102
2018-01-31 11:37:35.355678 0 000000113169102
2018-01-31 11:37:38.777044 0 000000113169102
2018-01-31 11:37:50.859420 0 000000113169124
2018-01-31 11:39:16.148393 0 000000113169124
2018-01-31 11:39:20.074774 0 000000113169124
2018-01-31 11:41:04.685896 0 000000112059248
2018-01-31 11:41:24.385353 0 000000112059248
2018-01-31 11:41:26.699606 0 000000112059248
2018-01-31 11:42:06.691256 0 000000112055223
2018-01-31 11:42:25.772307 0 000000112055223
2018-01-31 11:42:28.790836 0 000000112055223
2018-01-31 11:42:34.830859 0 000000112051099
2018-01-31 11:42:54.721830 0 000000112051099
2018-01-31 11:42:56.834314 0 000000112051099
2018-01-31 11:43:03.983715 0 000000118116000
2018-01-31 11:43:17.749487 0 000000118116000
2018-01-31 11:43:20.265248 0 000000118116000
2018-01-31 11:44:11.433776 0 000000120250057
2018-01-31 11:44:28.914500 0 000000120250057
2018-01-31 11:44:30.724466 0 000000120250057
2018-01-31 11:44:37.572467 0 000000120249182
2018-01-31 11:44:52.339342 0 000000120249182
2018-01-31 11:44:55.257252 0 000000120249182
2018-01-31 11:45:01.599355 0 000000112047063
2018-01-31 11:45:18.482730 0 000000112047063
2018-01-31 11:45:22.308806 0 000000112047063
2018-01-31 11:45:31.471790 0 000000120250081
2018-01-31 11:45:47.050665 0 000000120250081
2018-01-31 11:45:48.560710 0 000000120250081
2018-01-31 11:45:54.596904 0 000000112050058
2018-01-31 11:46:13.285973 0 000000112050058
2018-01-31 11:46:15.699827 0 000000112050058
2018-01-31 11:46:21.842258 0 000000130227125
2018-01-31 11:46:33.495446 0 000000130227125
2018-01-31 11:46:37.322644 0 000000130227125
2018-01-31 11:46:49.000333 0 000000113221043
2018-01-31 11:47:01.758394 0 000000113221043
2018-01-31 11:47:05.382432 0 000000113221043
2018-01-31 11:47:11.522334 0 000000113221028
2018-01-31 11:47:26.784662 0 000000113221028
2018-01-31 11:47:29.703109 0 000000113221028
2018-01-31 11:47:34.736168 0 000000113220087
2018-01-31 11:47:49.907072 0 000000113220087
2018-01-31 11:47:52.422689 0 000000113220087
2018-01-31 11:48:00.076020 0 000000113220102
2018-01-31 11:48:15.847406 0 000000113220102
2018-01-31 11:48:18.765601 0 000000113220102
2018-01-31 11:52:21.526184 0 000000112054056
2018-01-31 11:52:24.946901 0 000000114204138
2018-01-31 11:52:27.866336 0 000000113169102
2018-01-31 11:52:30.280891 0 000000112059248
2018-01-31 11:52:34.104347 0 000000112051099
2018-01-31 11:52:39.442365 0 000000120250057
2018-01-31 11:52:43.267703 0 000000112047063
2018-01-31 11:52:50.519753 0 000000112057203
2018-01-31 11:52:57.866361 0 000000112047063
2018-01-31 11:53:02.294758 0 000000120250057
2018-01-31 11:53:06.019246 0 000000112051099
2018-01-31 11:53:09.139409 0 000000112059248
2018-01-31 11:53:12.261238 0 000000113169102
2018-01-31 11:53:15.179501 0 000000114204138
2018-01-31 11:53:18.300254 0 000000112054056
2018-01-31 11:53:23.234813 0 000000112057203
2018-01-31 11:53:25.953203 0 000000112049041
2018-01-31 11:53:28.569363 0 000000113221060
2018-01-31 11:53:31.689805 0 000000113169124
2018-01-31 11:53:34.407591 0 000000112055223
2018-01-31 11:53:36.821323 0 000000118116000
2018-01-31 11:53:39.337196 0 000000120249182
2018-01-31 11:53:45.379878 0 000000120249182
2018-01-31 11:53:47.594775 0 000000118116000
2018-01-31 11:53:49.908686 0 000000112055223
2018-01-31 11:53:52.123111 0 000000113169124
2018-01-31 11:53:54.336777 0 000000113221060
2018-01-31 11:53:57.051565 0 000000112049041
2018-01-31 11:53:59.263809 0 000000112057203
2018-01-31 11:54:15.882275 0 000000120250081
2018-01-31 11:54:18.799403 0 000000112050058
2018-01-31 11:54:21.718992 0 000000113221043
2018-01-31 11:54:25.645217 0 000000130227125
2018-01-31 11:54:28.463360 0 000000113221028
2018-01-31 11:54:30.977890 0 000000113220087
2018-01-31 11:54:33.696195 0 000000113220102
2018-01-31 11:54:40.947102 0 000000113220102
2018-01-31 11:54:45.074811 0 000000113220087
2018-01-31 11:54:48.497581 0 000000113221028
2018-01-31 11:54:51.315872 0 000000130227125
2018-01-31 11:54:54.131875 0 000000113221043
2018-01-31 11:54:56.748820 0 000000112050058
2018-01-31 11:55:00.270685 0 000000120250081
2018-01-31 12:32:43.175725 0 000000117072208
2018-01-31 12:33:54.005249 0 000000117072208
2018-01-31 12:33:57.730248 0 000000117072208
2018-01-31 12:34:30.249292 0 000000118116017
2018-01-31 12:34:46.624524 0 000000118116017
2018-01-31 12:34:51.051371 0 000000118116017
2018-01-31 12:34:58.500733 0 000000118115241
2018-01-31 12:35:16.070904 0 000000118115241
2018-01-31 12:35:20.297953 0 000000118115241
2018-01-31 12:35:27.751958 0 000000118115224
2018-01-31 12:35:40.910784 0 000000118115224
2018-01-31 12:35:45.136640 0 000000118115224
2018-01-31 12:35:51.882992 0 000000118115209
2018-01-31 12:36:13.273971 0 000000118115209
2018-01-31 12:36:16.696758 0 000000118115209
2018-01-31 12:36:20.622783 0 000000113169091
2018-01-31 12:36:37.905600 0 000000113169091
2018-01-31 12:36:41.327860 0 000000113169091
2018-01-31 12:36:52.408427 0 000000131031031
2018-01-31 12:37:08.676908 0 000000131031031
2018-01-31 12:37:11.493876 0 000000131031031
2018-01-31 12:37:16.023487 0 000000131031040
2018-01-31 12:37:29.688995 0 000000131031040
2018-01-31 12:37:32.506560 0 000000131031040
2018-01-31 12:37:38.749282 0 000000131031063
2018-01-31 12:37:51.408143 0 000000131031063
2018-01-31 12:37:54.930671 0 000000131031063
2018-01-31 12:38:05.099009 0 000000130227156
2018-01-31 12:38:29.716304 0 000000130227156
2018-01-31 12:38:34.647677 0 000000130227156
2018-01-31 12:38:42.804077 0 000000115060187
2018-01-31 12:38:56.065262 0 000000115060187
2018-01-31 12:38:59.487652 0 000000115060187
2018-01-31 12:39:05.928657 0 000000115060218
2018-01-31 12:39:18.085564 0 000000115060218
2018-01-31 12:39:20.902830 0 000000115060218
2018-01-31 12:39:25.632716 0 000000115060219
2018-01-31 12:39:46.045530 0 000000115060219
2018-01-31 12:39:48.760910 0 000000115060219
2018-01-31 12:39:54.802135 0 000000115060250
2018-01-31 12:40:07.657197 0 000000115060250
2018-01-31 12:40:10.775158 0 000000115060250
2018-01-31 12:40:16.104703 0 000000115060251
2018-01-31 12:40:34.783415 0 000000115060251
2018-01-31 12:40:38.612132 0 000000115060251
2018-01-31 12:40:42.839393 0 000000115060250
2018-01-31 12:40:45.556487 0 000000115060250
2018-01-31 12:40:49.585376 0 000000115060219
2018-01-31 12:40:52.502560 0 000000115060219
2018-01-31 12:40:56.125269 0 000000115060218
2018-01-31 12:40:59.345420 0 000000115060218
2018-01-31 12:41:02.163826 0 000000115060187
2018-01-31 12:41:07.501114 0 000000115060187
2018-01-31 12:41:20.894902 0 000000130227156
2018-01-31 12:41:24.418040 0 000000131031063
2018-01-31 12:41:26.832295 0 000000131031040
2018-01-31 12:41:29.953329 0 000000131031031
2018-01-31 12:41:32.670803 0 000000113169091
2018-01-31 12:41:35.087213 0 000000118115209
2018-01-31 12:41:37.603767 0 000000118115224
2018-01-31 12:41:41.027619 0 000000117072208
2018-01-31 12:41:54.808369 0 000000118116017
2018-01-31 12:41:58.635042 0 000000118115241
2018-01-31 12:42:02.055322 0 000000118115241
2018-01-31 12:42:05.075430 0 000000118116017
2018-01-31 12:42:07.287631 0 000000117072208
2018-01-31 12:42:10.306730 0 000000118115224
2018-01-31 12:42:12.317808 0 000000118115209
2018-01-31 12:42:14.328854 0 000000113169091
2018-01-31 12:42:16.541833 0 000000131031031
2018-01-31 12:42:18.853526 0 000000131031040
2018-01-31 12:42:21.670684 0 000000131031063
2018-01-31 12:42:23.984163 0 000000130227156
2018-01-31 12:44:44.296740 0 000000115051006
2018-01-31 12:45:16.068175 0 000000115065171
2018-01-31 12:45:29.529891 0 000000115065200
2018-01-31 12:45:44.097043 0 000000115061150
2018-01-31 12:46:02.986221 0 000000115061151
2018-01-31 12:46:16.347442 0 000000028085165
2018-01-31 12:46:30.313734 0 000000112253215
2018-01-31 12:46:46.080626 0 000000112251141
2018-01-31 12:47:00.244177 0 000000112238247
2018-01-31 12:47:15.921456 0 000000112251141
2018-01-31 12:47:18.839516 0 000000112253215
2018-01-31 12:47:21.661896 0 000000028085165
2018-01-31 12:47:32.343399 0 000000112253215
2018-01-31 12:47:37.484686 0 000000112251141
2018-01-31 12:47:48.772786 0 000000112251141
2018-01-31 12:47:58.835234 0 000000112251141
2018-01-31 12:48:02.358771 0 000000112253215
2018-01-31 12:48:06.484104 0 000000028085165
2018-01-31 12:48:09.702738 0 000000115061151
2018-01-31 12:48:13.124565 0 000000115061150
2018-01-31 12:48:16.747909 0 000000115065200
2018-01-31 12:48:20.570718 0 000000115065171
2018-01-31 12:48:23.690245 0 000000115051006
2018-01-31 12:48:26.406658 0 000000112238247
2018-01-31 12:48:31.139254 0 000000112238247
2018-01-31 12:48:35.162712 0 000000115051006
2018-01-31 12:48:38.282749 0 000000115065171
2018-01-31 12:48:41.504265 0 000000115065200
2018-01-31 12:48:44.418495 0 000000115061150
2018-01-31 12:48:47.436013 0 000000115061151
2018-01-31 12:48:50.354914 0 000000028085165
2018-01-31 12:48:52.969955 0 000000112253215
2018-01-31 12:48:55.787866 0 000000112251141
2018-01-31 12:50:30.770563 0 000000112052153
2018-01-31 12:50:52.061660 0 000000115060251
2018-01-31 12:51:19.121830 0 000000115060251
2018-01-31 12:51:28.183796 0 000000112052153
2018-01-31 12:51:53.321868 0 000000112052153
2018-01-31 12:51:56.341371 0 000000112052153
2018-01-31 12:52:03.891528 0 000000113169072
2018-01-31 12:52:16.754545 0 000000113169072
2018-01-31 12:52:19.975745 0 000000113169072
2018-01-31 12:52:41.423902 0 000000113169040
2018-01-31 12:53:01.029027 0 000000113169040
2018-01-31 12:53:05.256565 0 000000113169040
2018-01-31 12:53:55.011892 0 000000113169040
2018-01-31 12:53:59.037023 0 000000113169040
2018-01-31 12:54:05.984147 0 000000115050230
2018-01-31 12:54:39.968197 0 000000115050230
2018-01-31 12:54:42.686185 0 000000115050230
2018-01-31 12:54:56.583446 0 000000113169025
2018-01-31 12:55:10.642159 0 000000113169025
2018-01-31 12:55:13.256635 0 000000113169025
2018-01-31 12:55:27.157017 0 000000113169008
2018-01-31 12:55:39.513351 0 000000113169008
2018-01-31 12:55:43.136641 0 000000113169008
2018-01-31 12:55:57.941668 0 000000112059006
2018-01-31 12:56:11.201008 0 000000112059006
2018-01-31 12:56:14.823803 0 000000112059006
2018-01-31 12:56:27.411118 0 000000112053011
2018-01-31 12:56:39.968841 0 000000112053011
2018-01-31 12:56:43.692830 0 000000112053011
2018-01-31 12:56:55.474897 0 000000119102158
2018-01-31 12:57:09.942502 0 000000119102158
2018-01-31 12:57:14.873346 0 000000119102158
2018-01-31 12:57:28.770094 0 000000119102135
2018-01-31 12:57:41.926913 0 000000119102135
2018-01-31 12:57:45.753095 0 000000119102135
2018-01-31 12:57:51.286787 0 000000119102135
2018-01-31 12:57:54.606770 0 000000119102135
2018-01-31 12:58:02.660513 0 000000119102125
2018-01-31 12:58:27.500043 0 000000119102125
2018-01-31 12:58:31.626049 0 000000119102125
2018-01-31 12:58:42.602562 0 000000119102125
2018-01-31 12:58:46.023595 0 000000119102125
2018-01-31 12:58:53.272968 0 000000119101156
2018-01-31 12:59:08.850407 0 000000119101156
2018-01-31 12:59:12.270580 0 000000119101156
2018-01-31 12:59:20.226169 0 000000119102125
2018-01-31 12:59:23.447553 0 000000119102125
2018-01-31 12:59:28.179566 0 000000119102169
2018-01-31 13:00:14.584944 0 000000119102169
2018-01-31 13:00:18.510477 0 000000119102169
2018-01-31 13:00:31.804705 0 000000114182106
2018-01-31 13:00:46.271714 0 000000114182106
2018-01-31 13:00:50.698680 0 000000114182106
2018-01-31 13:01:21.213778 0 000000114180043
2018-01-31 13:01:24.738848 0 000000114180043
2018-01-31 13:01:39.305828 0 000000114180043
2018-01-31 13:01:41.719452 0 000000114180043
2018-01-31 13:02:13.447935 0 000000114180043
2018-01-31 13:02:16.364966 0 000000114180043
2018-01-31 13:02:23.312855 0 000000114160013
2018-01-31 13:02:35.665735 0 000000114160013
2018-01-31 13:02:38.885045 0 000000114160013
2018-01-31 20:53:09.880900 connection lost
2018-01-31 20:53:10.081560 trying to reconect 1
2018-01-31 20:53:10.282293 trying to reconect 2
2018-01-31 20:53:10.483472 trying to reconect 3
2018-01-31 20:53:10.684665 trying to reconect 4
2018-01-31 20:53:10.885862 trying to reconect 5
2018-01-31 20:53:11.086821 trying to reconect 6
2018-01-31 20:53:11.287896 trying to reconect 7
2018-01-31 20:53:11.489088 trying to reconect 8
2018-01-31 20:53:11.690379 trying to reconect 9
2018-01-31 20:53:11.891616 trying to reconect 10
2018-01-31 20:53:12.092758 trying to reconect 11
2018-01-31 20:53:12.293951 trying to reconect 12
2018-01-31 20:53:12.495059 trying to reconect 13
2018-01-31 20:53:12.696210 trying to reconect 14
2018-01-31 20:53:12.897073 trying to reconect 15
2018-01-31 20:53:13.098401 trying to reconect 16
2018-01-31 20:53:13.299188 trying to reconect 17
2018-01-31 20:53:13.499988 trying to reconect 18
2018-01-31 20:53:13.701181 trying to reconect 19
2018-01-31 20:53:13.902377 trying to reconect 20
2018-01-31 20:53:14.103241 trying to reconect 21
2018-01-31 20:53:14.304452 trying to reconect 22
2018-01-31 20:53:14.505657 trying to reconect 23
2018-01-31 20:53:14.706878 trying to reconect 24
2018-01-31 20:53:14.908173 trying to reconect 25
2018-01-31 20:53:15.109397 trying to reconect 26
2018-01-31 20:53:15.310596 trying to reconect 27
2018-01-31 20:53:15.511791 trying to reconect 28
2018-01-31 20:53:15.713032 trying to reconect 29
2018-01-31 20:53:15.914314 trying to reconect 30
2018-01-31 20:53:16.115550 trying to reconect 31
2018-01-31 20:53:16.316587 trying to reconect 32
2018-01-31 20:53:16.517681 trying to reconect 33
2018-01-31 20:53:16.718885 trying to reconect 34
2018-01-31 20:53:16.920079 trying to reconect 35
2018-01-31 20:53:17.120887 trying to reconect 36
2018-01-31 20:53:17.321362 trying to reconect 37
2018-01-31 20:53:17.522052 trying to reconect 38
2018-01-31 20:53:17.722834 trying to reconect 39
2018-01-31 20:53:17.923588 trying to reconect 40
2018-01-31 20:53:18.124881 trying to reconect 41
2018-01-31 20:53:18.325386 trying to reconect 42
2018-01-31 20:53:18.526481 trying to reconect 43
2018-01-31 20:53:18.727675 trying to reconect 44
2018-01-31 20:53:18.928867 trying to reconect 45
2018-01-31 20:53:19.130121 trying to reconect 46
2018-01-31 20:53:19.331381 trying to reconect 47
2018-01-31 20:53:19.532635 trying to reconect 48
2018-01-31 20:53:19.733834 trying to reconect 49
2018-01-31 20:53:19.935085 trying to reconect 50
2018-01-31 20:53:20.136285 trying to reconect 51
2018-01-31 20:53:20.337090 trying to reconect 52
2018-01-31 20:53:20.538319 trying to reconect 53
2018-01-31 20:53:20.739352 trying to reconect 54
2018-01-31 20:53:20.940626 trying to reconect 55
2018-01-31 20:53:21.141858 trying to reconect 56
2018-01-31 20:53:21.342812 trying to reconect 57
2018-01-31 20:53:21.544006 trying to reconect 58
2018-01-31 20:53:21.745249 trying to reconect 59
2018-01-31 20:53:21.946478 trying to reconect 60
2018-01-31 20:53:22.147558 trying to reconect 61
2018-01-31 20:53:22.348810 trying to reconect 62
2018-01-31 20:53:22.549573 trying to reconect 63
2018-01-31 20:53:22.750758 trying to reconect 64
2018-01-31 20:53:22.951948 trying to reconect 65
2018-01-31 20:53:23.153145 trying to reconect 66
2018-01-31 20:53:23.354351 trying to reconect 67
2018-01-31 20:53:23.555091 trying to reconect 68
2018-01-31 20:53:23.756277 trying to reconect 69
2018-01-31 20:53:23.957474 trying to reconect 70
2018-01-31 20:53:24.158664 trying to reconect 71
2018-01-31 20:53:24.359868 trying to reconect 72
2018-01-31 20:53:24.561079 trying to reconect 73
2018-01-31 20:53:24.762369 trying to reconect 74
2018-01-31 20:53:24.963600 trying to reconect 75
2018-01-31 20:53:25.164835 trying to reconect 76
2018-01-31 20:53:25.366133 trying to reconect 77
2018-01-31 20:53:25.567107 trying to reconect 78
2018-01-31 20:53:25.768217 trying to reconect 79
2018-01-31 20:53:25.969414 trying to reconect 80
2018-01-31 20:53:26.170604 trying to reconect 81
2018-01-31 20:53:26.371530 trying to reconect 82
2018-01-31 20:53:26.572565 trying to reconect 83
2018-01-31 20:53:26.773686 trying to reconect 84
2018-01-31 20:53:26.974876 trying to reconect 85
2018-01-31 20:53:27.176072 trying to reconect 86
2018-01-31 20:53:27.377252 trying to reconect 87
2018-01-31 20:53:27.578307 trying to reconect 88
2018-01-31 20:53:27.779386 trying to reconect 89
2018-01-31 20:53:27.980640 trying to reconect 90
2018-01-31 20:53:28.181869 trying to reconect 91
2018-01-31 20:53:28.382864 trying to reconect 92
2018-01-31 20:53:28.583391 trying to reconect 93
2018-01-31 20:53:28.784476 trying to reconect 94
2018-01-31 20:53:28.985668 trying to reconect 95
2018-01-31 20:53:29.186868 trying to reconect 96
2018-01-31 20:53:29.387853 trying to reconect 97
2018-01-31 20:53:29.588706 trying to reconect 98
2018-01-31 20:53:29.790066 trying to reconect 99
2018-01-31 20:53:29.990864 trying to reconect 100
2018-01-31 20:53:30.192098 trying to reconect 101
2018-01-31 20:53:30.393300 trying to reconect 102
2018-01-31 20:53:30.594543 trying to reconect 103
2018-01-31 20:53:30.795782 trying to reconect 104
2018-01-31 20:53:30.996981 trying to reconect 105
2018-01-31 20:53:31.198205 trying to reconect 106
2018-01-31 20:53:31.399399 trying to reconect 107
2018-01-31 20:53:31.600594 trying to reconect 108
2018-01-31 20:53:31.801787 trying to reconect 109
2018-01-31 20:53:32.002811 trying to reconect 110
2018-01-31 20:53:32.204004 trying to reconect 111
2018-01-31 20:53:32.405205 trying to reconect 112
2018-01-31 20:53:32.606443 trying to reconect 113
2018-01-31 20:53:32.807453 trying to reconect 114
2018-01-31 20:53:33.008563 trying to reconect 115
2018-01-31 20:53:33.209318 trying to reconect 116
2018-01-31 20:53:33.410499 trying to reconect 117
2018-01-31 20:53:33.611694 trying to reconect 118
2018-01-31 20:53:33.812382 trying to reconect 119
2018-01-31 20:53:34.013567 trying to reconect 120
2018-01-31 20:53:34.214769 trying to reconect 121
2018-01-31 20:53:34.415542 trying to reconect 122
2018-01-31 20:53:34.616732 trying to reconect 123
2018-01-31 20:53:34.817448 trying to reconect 124
2018-01-31 20:53:35.018649 trying to reconect 125
2018-01-31 20:53:35.219847 trying to reconect 126
2018-01-31 20:53:35.421041 trying to reconect 127
2018-01-31 20:53:35.622369 trying to reconect 128
2018-01-31 20:53:35.823509 trying to reconect 129
2018-01-31 20:53:36.024231 trying to reconect 130
2018-01-31 20:53:36.225431 trying to reconect 131
2018-01-31 20:53:36.426630 trying to reconect 132
2018-01-31 20:53:36.627877 trying to reconect 133
2018-01-31 20:53:36.828983 trying to reconect 134
2018-01-31 20:53:37.029655 trying to reconect 135
2018-01-31 20:53:37.230856 trying to reconect 136
2018-01-31 20:53:37.431361 trying to reconect 137
2018-01-31 20:53:37.632013 trying to reconect 138
2018-01-31 20:53:37.832618 trying to reconect 139
2018-01-31 20:53:38.033692 trying to reconect 140
2018-01-31 20:53:38.234893 trying to reconect 141
2018-01-31 20:53:38.436094 trying to reconect 142
2018-01-31 20:53:38.637287 trying to reconect 143
2018-01-31 20:53:38.837762 trying to reconect 144
2018-01-31 20:53:39.038838 trying to reconect 145
2018-01-31 20:53:39.240034 trying to reconect 146
2018-01-31 20:53:39.441229 trying to reconect 147
2018-01-31 20:53:39.642426 trying to reconect 148
2018-01-31 20:53:39.843647 trying to reconect 149
2018-01-31 20:53:40.044900 trying to reconect 150
2018-01-31 20:53:40.246144 trying to reconect 151
2018-01-31 20:53:40.447340 trying to reconect 152
2018-01-31 20:53:40.648055 trying to reconect 153
2018-01-31 20:53:40.849181 trying to reconect 154
2018-01-31 20:53:41.050383 trying to reconect 155
2018-01-31 20:53:41.251578 trying to reconect 156
2018-01-31 20:53:41.452771 trying to reconect 157
2018-01-31 20:53:41.654084 trying to reconect 158
2018-01-31 20:53:41.855324 trying to reconect 159
2018-01-31 20:53:42.056525 trying to reconect 160
2018-01-31 20:53:42.257728 trying to reconect 161
2018-01-31 20:53:42.458930 trying to reconect 162
2018-01-31 20:53:42.659966 trying to reconect 163
2018-01-31 20:53:42.861202 trying to reconect 164
2018-01-31 20:53:43.062416 trying to reconect 165
2018-01-31 20:53:43.263611 trying to reconect 166
2018-01-31 20:53:43.464811 trying to reconect 167
2018-01-31 20:53:43.666067 trying to reconect 168
2018-01-31 20:53:43.867280 trying to reconect 169
2018-01-31 20:53:44.068480 trying to reconect 170
2018-01-31 20:53:44.269669 trying to reconect 171
2018-01-31 20:53:44.470865 trying to reconect 172
2018-01-31 20:53:44.671844 trying to reconect 173
2018-01-31 20:53:44.872984 trying to reconect 174
2018-01-31 20:53:45.074216 trying to reconect 175
2018-01-31 20:53:45.275418 trying to reconect 176
2018-01-31 20:53:45.476616 trying to reconect 177
2018-01-31 20:53:45.677853 trying to reconect 178
2018-01-31 20:53:45.879151 trying to reconect 179
2018-01-31 20:53:46.079734 trying to reconect 180
2018-01-31 20:53:46.280837 trying to reconect 181
2018-01-31 20:53:46.482106 trying to reconect 182
2018-01-31 20:53:46.682825 trying to reconect 183
2018-01-31 20:53:46.884073 trying to reconect 184
2018-01-31 20:53:47.084843 trying to reconect 185
2018-01-31 20:53:47.285951 trying to reconect 186
2018-01-31 20:53:47.487155 trying to reconect 187
2018-01-31 20:53:47.687980 trying to reconect 188
2018-01-31 20:53:47.889235 trying to reconect 189
2018-01-31 20:53:48.089731 trying to reconect 190
2018-01-31 20:53:48.290859 trying to reconect 191
2018-01-31 20:53:48.492095 trying to reconect 192
2018-01-31 20:53:48.693304 trying to reconect 193
2018-01-31 20:53:48.894573 trying to reconect 194
2018-01-31 20:53:49.095343 trying to reconect 195
2018-01-31 20:53:49.296561 trying to reconect 196
2018-01-31 20:53:49.497765 trying to reconect 197
2018-01-31 20:53:49.698962 trying to reconect 198
2018-01-31 20:53:49.900179 trying to reconect 199
2018-01-31 20:53:50.101303 trying to reconect 200
2018-01-31 20:53:50.302498 trying to reconect 201
2018-01-31 20:53:50.503697 trying to reconect 202
2018-01-31 20:53:50.704889 trying to reconect 203
2018-01-31 20:53:50.906149 trying to reconect 204
2018-01-31 20:53:51.107348 trying to reconect 205
2018-01-31 20:53:51.308537 trying to reconect 206
2018-01-31 20:53:51.509728 trying to reconect 207
2018-01-31 20:53:51.710978 trying to reconect 208
2018-01-31 20:53:51.912212 trying to reconect 209
2018-01-31 20:53:52.113408 trying to reconect 210
2018-01-31 20:53:52.314145 trying to reconect 211
2018-01-31 20:53:52.515339 trying to reconect 212
2018-01-31 20:53:52.716545 trying to reconect 213
2018-01-31 20:53:52.917747 trying to reconect 214
2018-01-31 20:53:53.118944 trying to reconect 215
2018-01-31 20:53:53.320070 trying to reconect 216
2018-01-31 20:53:53.521286 trying to reconect 217
2018-01-31 20:53:53.722490 trying to reconect 218
2018-01-31 20:53:53.923747 trying to reconect 219
2018-01-31 20:53:54.124986 trying to reconect 220
2018-01-31 20:53:54.326222 trying to reconect 221
2018-01-31 20:53:54.527431 trying to reconect 222
2018-01-31 20:53:54.728673 trying to reconect 223
2018-01-31 20:53:54.929639 trying to reconect 224
2018-01-31 20:53:55.130880 trying to reconect 225
2018-01-31 20:53:55.331968 trying to reconect 226
2018-01-31 20:53:55.532602 trying to reconect 227
2018-01-31 20:53:55.733797 trying to reconect 228
2018-01-31 20:53:55.934992 trying to reconect 229
2018-01-31 20:53:56.136188 trying to reconect 230
2018-01-31 20:53:56.337379 trying to reconect 231
2018-01-31 20:53:56.538570 trying to reconect 232
2018-01-31 20:53:56.739199 trying to reconect 233
2018-01-31 20:53:56.940007 trying to reconect 234
2018-01-31 20:53:57.141095 trying to reconect 235
2018-01-31 20:53:57.341652 trying to reconect 236
2018-01-31 20:53:57.542723 trying to reconect 237
2018-01-31 20:53:57.743924 trying to reconect 238
2018-01-31 20:53:57.945094 trying to reconect 239
2018-01-31 20:53:58.146376 trying to reconect 240
2018-01-31 20:53:58.346864 trying to reconect 241
2018-01-31 20:53:58.547524 trying to reconect 242
2018-01-31 20:53:58.748282 trying to reconect 243
2018-01-31 20:53:58.949467 trying to reconect 244
2018-01-31 20:53:59.150670 trying to reconect 245
2018-01-31 20:53:59.351967 trying to reconect 246
2018-01-31 20:53:59.553201 trying to reconect 247
2018-01-31 20:53:59.754395 trying to reconect 248
2018-01-31 20:53:59.955274 trying to reconect 249
2018-01-31 20:54:00.156468 trying to reconect 250
2018-01-31 20:54:00.357665 trying to reconect 251
2018-01-31 20:54:00.558442 trying to reconect 252
2018-01-31 20:54:00.759207 trying to reconect 253
2018-01-31 20:54:00.959970 trying to reconect 254
2018-01-31 20:54:01.160726 trying to reconect 255
2018-01-31 20:54:01.361970 trying to reconect 256
2018-01-31 20:54:01.562811 trying to reconect 257
2018-01-31 20:54:01.764009 trying to reconect 258
2018-01-31 20:54:01.965201 trying to reconect 259
2018-01-31 20:54:02.166393 trying to reconect 260
2018-01-31 20:54:02.367599 trying to reconect 261
2018-01-31 20:54:02.568275 trying to reconect 262
2018-01-31 20:54:02.769129 trying to reconect 263
2018-01-31 20:54:02.970333 trying to reconect 264
2018-01-31 20:54:03.171525 trying to reconect 265
2018-01-31 20:54:03.372775 trying to reconect 266
2018-01-31 20:54:03.574055 trying to reconect 267
2018-01-31 20:54:03.775261 trying to reconect 268
2018-01-31 20:54:03.976333 trying to reconect 269
2018-01-31 20:54:04.177588 trying to reconect 270
2018-01-31 20:54:04.378836 trying to reconect 271
2018-01-31 20:54:04.580040 trying to reconect 272
2018-01-31 20:54:04.781237 trying to reconect 273
2018-01-31 20:54:04.982440 trying to reconect 274
2018-01-31 20:54:05.183635 trying to reconect 275
2018-01-31 20:54:05.384915 trying to reconect 276
2018-01-31 20:54:05.586044 trying to reconect 277
2018-01-31 20:54:05.787180 trying to reconect 278
2018-01-31 20:54:05.988379 trying to reconect 279
2018-01-31 20:54:06.189577 trying to reconect 280
2018-01-31 20:54:06.390769 trying to reconect 281
2018-01-31 20:54:06.591264 trying to reconect 282
2018-01-31 20:54:06.792397 trying to reconect 283
2018-01-31 20:54:06.993633 trying to reconect 284
2018-01-31 20:54:07.194829 trying to reconect 285
2018-01-31 20:54:07.396081 trying to reconect 286
2018-01-31 20:54:07.596628 trying to reconect 287
2018-01-31 20:54:07.797749 trying to reconect 288
2018-01-31 20:54:07.998994 trying to reconect 289
2018-01-31 20:54:08.200184 trying to reconect 290
2018-01-31 20:54:08.401375 trying to reconect 291
2018-01-31 20:54:08.601949 trying to reconect 292
2018-01-31 20:54:08.803041 trying to reconect 293
2018-01-31 20:54:09.004243 trying to reconect 294
2018-01-31 20:54:09.205433 trying to reconect 295
2018-01-31 20:54:09.406646 trying to reconect 296
2018-01-31 20:54:09.607918 trying to reconect 297
2018-01-31 20:54:09.809212 trying to reconect 298
2018-01-31 20:54:10.010407 trying to reconect 299
2018-01-31 20:54:10.211596 trying to reconect 300
2018-01-31 20:54:10.412793 trying to reconect 301
2018-01-31 20:54:10.614037 trying to reconect 302
2018-01-31 20:54:10.815216 trying to reconect 303
2018-01-31 20:54:11.016407 trying to reconect 304
2018-01-31 20:54:11.217599 trying to reconect 305
2018-01-31 20:54:11.418800 trying to reconect 306
2018-01-31 20:54:11.619988 trying to reconect 307
2018-01-31 20:54:11.821178 trying to reconect 308
2018-01-31 20:54:12.022370 trying to reconect 309
2018-01-31 20:54:12.223350 trying to reconect 310
2018-01-31 20:54:12.424546 trying to reconect 311
2018-01-31 20:54:12.625740 trying to reconect 312
2018-01-31 20:54:12.826851 trying to reconect 313
2018-01-31 20:54:13.028067 trying to reconect 314
2018-01-31 20:54:13.229260 trying to reconect 315
2018-01-31 20:54:13.430118 trying to reconect 316
2018-01-31 20:54:13.631326 trying to reconect 317
2018-01-31 20:54:13.832111 trying to reconect 318
2018-01-31 20:54:14.033301 trying to reconect 319
2018-01-31 20:54:14.234197 trying to reconect 320
2018-01-31 20:54:14.435393 trying to reconect 321
2018-01-31 20:54:14.636586 trying to reconect 322
2018-01-31 20:54:14.837814 trying to reconect 323
2018-01-31 20:54:15.039062 trying to reconect 324
2018-01-31 20:54:15.239843 trying to reconect 325
2018-01-31 20:54:15.441083 trying to reconect 326
2018-01-31 20:54:15.642308 trying to reconect 327
2018-01-31 20:54:15.843510 trying to reconect 328
2018-01-31 20:54:16.044705 trying to reconect 329
2018-01-31 20:54:16.245909 trying to reconect 330
2018-01-31 20:54:16.447219 trying to reconect 331
2018-01-31 20:54:16.648462 trying to reconect 332
2018-01-31 20:54:16.849557 trying to reconect 333
2018-01-31 20:54:17.050688 trying to reconect 334
2018-01-31 20:54:17.251460 trying to reconect 335
2018-01-31 20:54:17.452650 trying to reconect 336
2018-01-31 20:54:17.653845 trying to reconect 337
2018-01-31 20:54:17.854668 trying to reconect 338
2018-01-31 20:54:18.055862 trying to reconect 339
2018-01-31 20:54:18.257041 trying to reconect 340
2018-01-31 20:54:18.458285 trying to reconect 341
2018-01-31 20:54:18.659533 trying to reconect 342
2018-01-31 20:54:18.860081 trying to reconect 343
2018-01-31 20:54:19.061176 trying to reconect 344
2018-01-31 20:54:19.262378 trying to reconect 345
2018-01-31 20:54:19.463575 trying to reconect 346
2018-01-31 20:54:19.664775 trying to reconect 347
2018-01-31 20:54:19.865569 trying to reconect 348
2018-01-31 20:54:20.067685 trying to reconect 349
2018-01-31 20:54:20.268849 trying to reconect 350
2018-01-31 20:54:20.470102 trying to reconect 351
2018-01-31 20:54:20.671297 trying to reconect 352
2018-01-31 20:54:20.872493 trying to reconect 353
2018-01-31 20:54:21.073682 trying to reconect 354
2018-01-31 20:54:21.274817 trying to reconect 355
2018-01-31 20:54:21.476009 trying to reconect 356
2018-01-31 20:54:21.677199 trying to reconect 357
2018-01-31 20:54:21.878389 trying to reconect 358
2018-01-31 20:54:22.079590 trying to reconect 359
2018-01-31 20:54:22.280786 trying to reconect 360
2018-01-31 20:54:22.481980 trying to reconect 361
2018-01-31 20:54:22.682563 trying to reconect 362
2018-01-31 20:54:22.883663 trying to reconect 363
2018-01-31 20:54:23.084859 trying to reconect 364
2018-01-31 20:54:23.286113 trying to reconect 365
2018-01-31 20:54:23.487326 trying to reconect 366
2018-01-31 20:54:23.688519 trying to reconect 367
2018-01-31 20:54:23.889720 trying to reconect 368
2018-01-31 20:54:24.090803 trying to reconect 369
2018-01-31 20:54:24.291393 trying to reconect 370
2018-01-31 20:54:24.492108 trying to reconect 371
2018-01-31 20:54:24.692954 trying to reconect 372
2018-01-31 20:54:24.894265 trying to reconect 373
2018-01-31 20:54:25.094918 trying to reconect 374
2018-01-31 20:54:25.295578 trying to reconect 375
2018-01-31 20:54:25.496375 trying to reconect 376
2018-01-31 20:54:25.697604 trying to reconect 377
2018-01-31 20:54:25.898871 trying to reconect 378
2018-01-31 20:54:26.099425 trying to reconect 379
2018-01-31 20:54:26.300534 trying to reconect 380
2018-01-31 20:54:26.501732 trying to reconect 381
2018-01-31 20:54:26.702925 trying to reconect 382
2018-01-31 20:54:26.904121 trying to reconect 383
2018-01-31 20:54:27.104596 trying to reconect 384
2018-01-31 20:54:27.305665 trying to reconect 385
2018-01-31 20:54:27.506859 trying to reconect 386
2018-01-31 20:54:27.708112 trying to reconect 387
2018-01-31 20:54:27.909391 trying to reconect 388
2018-01-31 20:54:28.110435 trying to reconect 389
2018-01-31 20:54:28.311276 trying to reconect 390
2018-01-31 20:54:28.512458 trying to reconect 391
2018-01-31 20:54:28.713710 trying to reconect 392
2018-01-31 20:54:28.914944 trying to reconect 393
2018-01-31 20:54:29.116139 trying to reconect 394
2018-01-31 20:54:29.317347 trying to reconect 395
2018-01-31 20:54:29.518353 trying to reconect 396
2018-01-31 20:54:29.719155 trying to reconect 397
2018-01-31 20:54:29.919842 trying to reconect 398
2018-01-31 20:54:30.121028 trying to reconect 399
2018-01-31 20:54:30.321817 trying to reconect 400
2018-01-31 20:54:30.522251 trying to reconect 401
2018-01-31 20:54:30.723412 trying to reconect 402
2018-01-31 20:54:30.924608 trying to reconect 403
2018-01-31 20:54:31.125806 trying to reconect 404
2018-01-31 20:54:31.326847 trying to reconect 405
2018-01-31 20:54:31.527610 trying to reconect 406
2018-01-31 20:54:31.728887 trying to reconect 407
2018-01-31 20:54:31.930163 trying to reconect 408
2018-01-31 20:54:32.130857 trying to reconect 409
2018-01-31 20:54:32.342148 trying to reconect 410
2018-01-31 20:54:32.542520 trying to reconect 411
2018-02-01 05:22:02.313925 connected
2018-02-01 07:53:31.123294 0 000000113221043
2018-02-01 08:39:18.450639 0 000000118132063
2018-02-01 08:42:47.871335 0 000000091206025
2018-02-01 09:13:11.720718 0 000000091206061
2018-02-01 09:45:29.431229 0 000000118115192
2018-02-01 09:51:09.733240 0 000000113220102
2018-02-01 09:51:15.774494 0 084000124212214
2018-02-01 09:51:57.478945 0 084000124212214
2018-02-01 09:52:49.757747 0 000000117219211
2018-02-01 09:56:46.043424 0 000000112057203
2018-02-01 09:57:55.744665 0 000000112055201
2018-02-01 09:59:39.284993 0 007000041073219
2018-02-01 09:59:53.181146 0 007000041073219
2018-02-01 09:59:54.590494 0 007000041073219
2018-02-01 11:13:07.150974 0 000000120250081
2018-02-01 12:07:16.610599 0 000000113221060
2018-02-01 12:28:45.997706 0 067000094162224
2018-02-01 12:28:50.223847 0 067000094162224
2018-02-01 12:56:35.838033 0 000000118131147
2018-02-01 13:59:30.556001 0 000000113006101
2018-02-01 14:10:11.549664 0 000000055186130
2018-02-01 15:02:01.570000 0 000000118115192
2018-02-01 15:02:07.107400 0 000000112055201
2018-02-01 15:07:50.419467 0 000000113220102
2018-02-01 15:50:38.718852 0 000000112057203
2018-02-01 15:51:50.536986 0 000000113220102
2018-02-01 16:21:04.264328 0 000000091206025
2018-02-01 18:15:33.149913 0 000000117219211
2018-02-01 18:45:42.017914 0 000000113006101
2018-02-01 19:05:27.091117 0 000000113221043
2018-02-01 19:55:20.545870 0 000000130227125
2018-02-01 20:15:28.173799 0 000000113220102
2018-02-01 21:45:13.986281 0 000000112047063
2018-02-02 06:03:51.093511 0 000000130227125
2018-02-02 07:07:48.466166 0 000000118132032
2018-02-02 07:35:33.684343 0 000000112241021
2018-02-02 08:39:22.128465 0 000000118132063
2018-02-02 08:54:36.420613 0 000000112054031
2018-02-02 09:02:21.431701 0 000000118131146
2018-02-02 09:11:25.408644 0 000000091206061
2018-02-02 09:28:43.378772 0 000000118132095
2018-02-02 09:31:06.430440 0 000000117219211
2018-02-02 09:46:15.264512 0 000000130227080
2018-02-02 09:47:39.880492 0 000000112055201
2018-02-02 09:47:42.396866 0 000000118115192
2018-02-02 10:03:37.898010 0 000000113220102
2018-02-02 10:05:09.737135 0 000000112057203
2018-02-02 10:48:30.897395 0 000000112055223
2018-02-02 12:06:08.081073 0 000000113221060
2018-02-02 12:24:40.227834 0 000000118131147
2018-02-02 12:40:48.259963 0 000000120250081
2018-02-02 13:11:58.464670 0 000000113008196
2018-02-02 13:51:21.014856 connection lost
2018-02-02 13:51:21.215934 trying to reconect 1
2018-02-02 13:51:21.417316 trying to reconect 2
2018-02-02 13:51:21.618136 trying to reconect 3
2018-02-02 13:51:21.819337 trying to reconect 4
2018-02-02 13:51:22.019860 trying to reconect 5
2018-02-02 13:51:22.220953 trying to reconect 6
2018-02-02 13:51:22.421581 trying to reconect 7
2018-02-02 13:51:22.622843 trying to reconect 8
2018-02-02 13:51:22.824079 trying to reconect 9
2018-02-02 13:51:23.024773 trying to reconect 10
2018-02-02 13:51:23.225989 trying to reconect 11
2018-02-02 13:51:23.426755 trying to reconect 12
2018-02-02 13:51:23.627842 trying to reconect 13
2018-02-02 13:51:23.829039 trying to reconect 14
2018-02-02 13:51:24.029973 trying to reconect 15
2018-02-02 13:51:24.231206 trying to reconect 16
2018-02-02 13:51:24.432385 trying to reconect 17
2018-02-02 13:51:24.633602 trying to reconect 18
2018-02-02 13:51:24.834794 trying to reconect 19
2018-02-02 13:51:25.035946 trying to reconect 20
2018-02-02 13:51:25.237150 trying to reconect 21
2018-02-02 13:51:25.438011 trying to reconect 22
2018-02-02 13:51:25.639204 trying to reconect 23
2018-02-02 13:51:25.840446 trying to reconect 24
2018-02-02 13:51:26.041675 trying to reconect 25
2018-02-02 13:51:26.242344 trying to reconect 26
2018-02-02 13:51:26.443100 trying to reconect 27
2018-02-02 13:51:26.644348 trying to reconect 28
2018-02-02 13:51:26.845605 trying to reconect 29
2018-02-02 13:51:27.046892 trying to reconect 30
2018-02-02 13:51:27.247655 trying to reconect 31
2018-02-02 13:51:27.448844 trying to reconect 32
2018-02-02 13:51:27.649679 trying to reconect 33
2018-02-02 13:51:27.850834 trying to reconect 34
2018-02-02 13:51:28.051648 trying to reconect 35
2018-02-02 13:51:28.252630 trying to reconect 36
2018-02-02 13:51:28.453743 trying to reconect 37
2018-02-02 13:51:28.654538 trying to reconect 38
2018-02-02 13:51:28.855608 trying to reconect 39
2018-02-02 13:51:29.056761 trying to reconect 40
2018-02-02 13:51:29.257898 trying to reconect 41
2018-02-02 13:51:29.458627 trying to reconect 42
2018-02-02 13:51:29.659832 trying to reconect 43
2018-02-02 13:51:29.861046 trying to reconect 44
2018-02-02 13:51:30.062370 trying to reconect 45
2018-02-02 13:51:30.263630 trying to reconect 46
2018-02-02 13:51:30.464833 trying to reconect 47
2018-02-02 13:51:30.666098 trying to reconect 48
2018-02-02 13:51:30.867404 trying to reconect 49
2018-02-02 13:51:31.068707 trying to reconect 50
2018-02-02 13:51:31.269380 trying to reconect 51
2018-02-02 13:51:31.470463 trying to reconect 52
2018-02-02 13:51:31.671670 trying to reconect 53
2018-02-02 13:51:31.872870 trying to reconect 54
2018-02-02 13:51:32.074079 trying to reconect 55
2018-02-02 13:51:32.274595 trying to reconect 56
2018-02-02 13:51:32.475692 trying to reconect 57
2018-02-02 13:51:32.676906 trying to reconect 58
2018-02-02 13:51:32.878108 trying to reconect 59
2018-02-02 13:51:33.079313 trying to reconect 60
2018-02-02 13:51:33.280047 trying to reconect 61
2018-02-02 13:51:33.481366 trying to reconect 62
2018-02-02 13:51:33.682646 trying to reconect 63
2018-02-02 13:51:33.883933 trying to reconect 64
2018-02-02 13:51:34.085223 trying to reconect 65
2018-02-02 13:51:34.286441 trying to reconect 66
2018-02-02 13:51:34.487221 trying to reconect 67
2018-02-02 13:51:34.688424 trying to reconect 68
2018-02-02 13:51:34.889632 trying to reconect 69
2018-02-02 13:51:35.090835 trying to reconect 70
2018-02-02 13:51:35.291565 trying to reconect 71
2018-02-02 13:51:35.492765 trying to reconect 72
2018-02-02 13:51:35.694025 trying to reconect 73
2018-02-02 13:51:35.895320 trying to reconect 74
2018-02-02 13:51:36.096564 trying to reconect 75
2018-02-02 13:51:36.297777 trying to reconect 76
2018-02-02 13:51:36.498562 trying to reconect 77
2018-02-02 13:51:36.699768 trying to reconect 78
2018-02-02 13:51:36.900969 trying to reconect 79
2018-02-02 13:51:37.102185 trying to reconect 80
2018-02-02 13:51:37.303393 trying to reconect 81
2018-02-02 13:51:37.504316 trying to reconect 82
2018-02-02 13:51:37.705095 trying to reconect 83
2018-02-02 13:51:37.906412 trying to reconect 84
2018-02-02 13:51:38.107659 trying to reconect 85
2018-02-02 13:51:38.308867 trying to reconect 86
2018-02-02 13:51:38.509639 trying to reconect 87
2018-02-02 13:51:38.710451 trying to reconect 88
2018-02-02 13:51:38.911689 trying to reconect 89
2018-02-02 13:51:39.112894 trying to reconect 90
2018-02-02 13:51:39.314103 trying to reconect 91
2018-02-02 13:51:39.514787 trying to reconect 92
2018-02-02 13:51:39.715855 trying to reconect 93
2018-02-02 13:51:39.917055 trying to reconect 94
2018-02-02 13:51:40.118326 trying to reconect 95
2018-02-02 13:51:40.319578 trying to reconect 96
2018-02-02 13:51:40.520681 trying to reconect 97
2018-02-02 13:51:40.721783 trying to reconect 98
2018-02-02 13:51:40.922984 trying to reconect 99
2018-02-02 13:51:41.124195 trying to reconect 100
2018-02-02 13:51:41.326232 connected
2018-02-02 13:51:48.074710 0 004000062063079
2018-02-02 13:51:55.325368 0 004000062063079
2018-02-02 13:51:58.647392 0 004000062063079
2018-02-02 13:52:02.977100 0 004000062063079
2018-02-02 13:52:12.643243 0 004000062063079
2018-02-02 14:28:51.091272 0 000000118132032
2018-02-02 16:03:19.018677 0 000000112057203
2018-02-02 17:02:32.256073 0 000000117219211
2018-02-02 17:02:42.529862 0 000000118132095
2018-02-02 17:12:57.194871 0 000000112241021
2018-02-02 19:56:09.613047 0 000000112051099
2018-02-02 22:06:15.434391 0 000000091206025
2018-02-02 22:10:13.661553 0 000000113008196
2018-02-03 06:04:05.087026 connection lost
2018-02-03 06:04:05.343941 trying to reconect 1
2018-02-03 06:04:05.544651 trying to reconect 2
2018-02-03 06:04:05.745865 trying to reconect 3
2018-02-03 06:04:05.947113 trying to reconect 4
2018-02-03 06:04:06.147770 trying to reconect 5
2018-02-03 06:04:06.348261 trying to reconect 6
2018-02-03 06:04:06.549083 trying to reconect 7
2018-02-03 06:04:06.750147 trying to reconect 8
2018-02-03 06:04:06.951348 trying to reconect 9
2018-02-03 06:04:07.152176 trying to reconect 10
2018-02-03 06:04:07.352916 connected
2018-02-03 06:04:25.282398 0 086090218006160
2018-02-03 06:04:29.406529 0 086090218006160
2018-02-03 06:04:31.318600 0 086090218006160
2018-02-03 06:04:32.226411 0 086090218006160
2018-02-03 06:04:34.941931 0 086090218006160
2018-02-03 08:44:16.566630 0 000000112047063
2018-02-03 09:23:45.797001 0 069000024235075
2018-02-03 09:59:39.951881 0 026000052169030
2018-02-03 10:52:09.199159 0 000000091206025
2018-02-03 10:57:09.571893 0 000000120250057
2018-02-03 12:08:43.745241 0 000000113008196
2018-02-03 13:20:44.575070 0 000000113169124
2018-02-03 17:41:45.636804 connected
2018-02-03 19:34:37.037941 connection lost
2018-02-03 19:34:37.239351 trying to reconect 1
2018-02-03 19:34:37.440725 trying to reconect 2
2018-02-03 19:34:37.641748 trying to reconect 3
2018-02-03 19:34:37.842888 trying to reconect 4
2018-02-03 19:34:38.044050 trying to reconect 5
2018-02-03 19:34:38.245270 trying to reconect 6
2018-02-03 19:34:38.446469 trying to reconect 7
2018-02-03 19:34:38.647717 trying to reconect 8
2018-02-03 19:34:38.848978 trying to reconect 9
2018-02-03 19:34:39.050146 trying to reconect 10
2018-02-03 19:34:39.251356 trying to reconect 11
2018-02-03 19:34:39.452548 trying to reconect 12
2018-02-03 19:34:39.653745 trying to reconect 13
2018-02-03 19:34:39.854146 trying to reconect 14
2018-02-03 19:34:40.055239 trying to reconect 15
2018-02-03 19:34:40.256290 trying to reconect 16
2018-02-03 19:34:40.457399 trying to reconect 17
2018-02-03 19:34:40.658431 trying to reconect 18
2018-02-03 19:34:40.858922 trying to reconect 19
2018-02-03 19:34:41.060073 trying to reconect 20
2018-02-03 19:34:41.261317 trying to reconect 21
2018-02-03 19:34:41.462518 trying to reconect 22
2018-02-03 19:34:41.663436 trying to reconect 23
2018-02-03 19:34:41.864692 trying to reconect 24
2018-02-03 19:34:42.065940 trying to reconect 25
2018-02-03 19:34:42.267046 trying to reconect 26
2018-02-03 19:34:42.468199 trying to reconect 27
2018-02-03 19:34:42.669494 trying to reconect 28
2018-02-03 19:34:42.870731 trying to reconect 29
2018-02-03 19:34:43.071939 trying to reconect 30
2018-02-03 19:34:43.272711 trying to reconect 31
2018-02-03 19:34:43.473950 trying to reconect 32
2018-02-03 19:34:43.674812 trying to reconect 33
2018-02-03 19:34:43.876109 trying to reconect 34
2018-02-03 19:34:44.077362 trying to reconect 35
2018-02-03 19:34:44.278270 trying to reconect 36
2018-02-03 19:34:44.479541 trying to reconect 37
2018-02-03 19:34:44.680725 trying to reconect 38
2018-02-03 19:34:44.882088 trying to reconect 39
2018-02-03 19:34:45.083334 trying to reconect 40
2018-02-03 19:34:45.284542 trying to reconect 41
2018-02-03 19:34:45.485752 trying to reconect 42
2018-02-03 19:34:45.686816 trying to reconect 43
2018-02-03 19:34:45.888078 trying to reconect 44
2018-02-03 19:34:46.089324 trying to reconect 45
2018-02-03 19:34:46.290559 trying to reconect 46
2018-02-03 19:34:46.491812 trying to reconect 47
2018-02-03 19:34:46.693004 trying to reconect 48
2018-02-03 19:34:46.894249 trying to reconect 49
2018-02-03 19:34:47.095458 trying to reconect 50
2018-02-03 19:34:47.296714 trying to reconect 51
2018-02-03 19:34:47.498127 trying to reconect 52
2018-02-03 19:34:47.699441 trying to reconect 53
2018-02-03 19:34:47.900735 trying to reconect 54
2018-02-03 19:34:48.101975 trying to reconect 55
2018-02-03 19:34:48.303325 trying to reconect 56
2018-02-03 19:34:48.504574 trying to reconect 57
2018-02-03 19:34:48.705775 trying to reconect 58
2018-02-03 19:34:48.907039 trying to reconect 59
2018-02-03 19:34:49.108281 trying to reconect 60
2018-02-03 19:34:49.309491 trying to reconect 61
2018-02-03 19:34:49.510590 trying to reconect 62
2018-02-03 19:34:49.711498 trying to reconect 63
2018-02-03 19:34:49.912751 trying to reconect 64
2018-02-03 19:34:50.113430 trying to reconect 65
2018-02-03 19:34:50.314633 trying to reconect 66
2018-02-03 19:34:50.515789 trying to reconect 67
2018-02-03 19:34:50.717048 trying to reconect 68
2018-02-03 19:34:50.918385 trying to reconect 69
2018-02-03 19:34:51.119623 trying to reconect 70
2018-02-03 19:34:51.320927 trying to reconect 71
2018-02-03 19:34:51.522162 trying to reconect 72
2018-02-03 19:34:51.722912 trying to reconect 73
2018-02-03 19:34:51.924118 trying to reconect 74
2018-02-03 19:34:52.125185 trying to reconect 75
2018-02-03 19:34:52.326296 trying to reconect 76
2018-02-03 19:34:52.527340 trying to reconect 77
2018-02-03 19:34:52.728450 trying to reconect 78
2018-02-03 19:34:52.929661 trying to reconect 79
2018-02-03 19:34:53.130131 trying to reconect 80
2018-02-03 19:34:53.331311 trying to reconect 81
2018-02-03 19:34:53.532393 trying to reconect 82
2018-02-03 19:34:53.733505 trying to reconect 83
2018-02-03 19:34:53.934718 trying to reconect 84
2018-02-03 19:34:54.135456 trying to reconect 85
2018-02-03 19:34:54.336740 trying to reconect 86
2018-02-03 19:34:54.537531 trying to reconect 87
2018-02-03 19:34:54.738754 trying to reconect 88
2018-02-03 19:34:54.939592 trying to reconect 89
2018-02-03 19:34:55.140529 trying to reconect 90
2018-02-03 19:34:55.342427 connected
2018-02-03 20:07:27.291486 0 000000112047063
2018-02-03 20:07:46.627615 0 000000112047063
2018-02-03 21:02:37.182858 0 000000113008196
2018-02-03 21:25:36.947280 0 000000091205248
2018-02-03 22:07:34.662449 0 000000118116000
2018-02-03 22:07:46.750400 0 000000118116000
2018-02-04 07:56:37.346751 0 000000055186130
2018-02-04 07:56:53.059233 0 000000055186130
2018-02-04 08:04:56.601037 0 000000091205248
2018-02-04 08:31:20.987675 0 000000120250057
2018-02-04 08:31:33.474213 0 000000120250057
2018-02-04 09:51:06.570301 0 023000043096189
2018-02-04 09:51:12.612699 0 023000043096189
2018-02-04 10:53:47.850198 0 000000112055223
2018-02-04 11:56:35.335433 0 000000118132032
2018-02-04 12:41:33.067887 0 000000112241021
2018-02-04 14:05:40.941229 0 000000118132032
2018-02-04 14:05:42.852690 0 000000055186130
2018-02-04 16:57:49.181617 0 000000112047063
2018-02-04 18:18:01.270913 0 000000112047063
2018-02-04 19:08:41.829496 0 000000120250057
2018-02-04 20:53:02.116314 trying to reconect 1
2018-02-04 20:53:02.657361 connected
2018-02-04 20:54:19.339357 0 000000118132095
2018-02-04 21:54:50.117657 0 000000112241021
2018-02-05 07:13:23.804247 0 000000113008196
2018-02-05 07:19:35.090829 0 000000112241021
2018-02-05 08:11:47.545986 0 000000118132095
2018-02-05 08:12:10.108149 0 000000112241021
2018-02-05 08:40:44.072266 0 000000118132063
2018-02-05 08:52:14.016804 0 000000130227125
2018-02-05 08:55:10.891067 0 000000112054031
2018-02-05 08:55:47.355486 0 000000118131146
2018-02-05 09:19:08.352589 0 000000091206061
2018-02-05 09:19:48.638479 0 000000130227085
2018-02-05 09:27:59.698440 0 000000130227080
2018-02-05 09:41:25.544888 0 000000112241021
2018-02-05 09:41:32.393047 0 000000118132095
2018-02-05 09:49:46.957312 0 000000112055201
2018-02-05 09:49:48.366360 0 000000118115192
2018-02-05 09:58:26.898067 0 000000113220102
2018-02-05 10:02:12.777980 0 000000113169124
2018-02-05 10:05:34.845564 0 000000112057203
2018-02-05 10:07:08.110343 0 000000117219211
2018-02-05 10:37:46.507496 0 000000089025225
2018-02-05 10:39:18.439381 0 000000089025225
2018-02-05 10:39:21.458128 0 000000089025225
2018-02-05 10:39:27.389992 0 000000091209084
2018-02-05 10:40:12.120601 0 000000091209084
2018-02-05 10:40:15.340735 0 000000091209084
2018-02-05 10:43:03.504906 0 000000112059248
2018-02-05 10:47:40.804762 0 000000112047063
2018-02-05 12:01:26.922546 0 000000113221060
2018-02-05 12:16:29.771678 0 000000113006101
2018-02-05 13:04:07.597840 0 000000055186130
2018-02-05 13:55:18.454593 0 000000118132032
2018-02-05 14:59:04.657668 0 000000130227085
2018-02-05 14:59:07.074215 0 000000130227080
2018-02-05 15:04:41.286023 0 000000118131147
2018-02-05 15:32:38.972613 0 000000055186130
2018-02-05 15:32:47.631703 0 000000117219243
2018-02-05 15:32:48.538695 0 000000118132032
2018-02-05 15:52:23.734841 0 000000055186130
2018-02-05 15:52:25.544819 0 000000118132032
2018-02-05 15:52:27.054660 0 000000117219243
2018-02-05 15:52:34.801405 0 000000117219243
2018-02-05 15:52:40.739401 0 000000117219243
2018-02-05 15:53:58.197663 0 000000113006101
2018-02-05 16:12:46.155366 0 000000113008196
2018-02-05 16:27:36.293097 0 000000112057203
2018-02-05 16:47:04.052104 0 000000091209239
2018-02-05 16:47:42.156911 0 000000091209239
2018-02-05 16:48:18.183650 0 000000091209239
2018-02-05 16:48:31.174476 0 000000091209116
2018-02-05 16:49:06.482557 0 000000091209116
2018-02-05 16:49:12.925068 0 000000091209116
2018-02-05 16:50:27.871506 0 000000112241021
2018-02-05 18:24:48.010809 0 000000117219211
2018-02-05 19:23:25.512636 0 000000117219243
2018-02-05 19:23:27.121151 0 000000055186130
2018-02-05 19:23:29.837216 0 000000118132032
2018-02-05 19:58:35.539145 0 000000118116000
2018-02-05 20:08:40.294810 0 000000130227125
2018-02-05 21:27:07.527864 0 000000091205248
2018-02-05 21:51:57.613719 0 000000112051099
2018-02-05 21:52:06.275727 0 000000112051099
2018-02-05 22:01:41.415866 0 000000112059248
2018-02-05 22:01:42.725928 0 000000112047063
2018-02-05 22:28:11.887070 trying to reconect 1
2018-02-05 22:28:12.365358 trying to reconect 2
2018-02-05 22:28:12.565757 trying to reconect 3
2018-02-05 22:28:12.766219 trying to reconect 4
2018-02-05 22:28:12.966592 trying to reconect 5
2018-02-05 22:28:13.166987 trying to reconect 6
2018-02-05 22:28:13.376651 connected
2018-02-06 06:13:18.766791 0 000000118116000
2018-02-06 07:55:05.570481 0 000000113221043
2018-02-06 08:15:10.893162 0 000000113169040
2018-02-06 08:40:09.053601 0 000000118132063
2018-02-06 08:45:23.165380 0 000000112054031
2018-02-06 08:48:24.189553 0 000000112051099
2018-02-06 09:03:52.391986 0 000000112052153
2018-02-06 09:10:42.184051 0 000000115060250
2018-02-06 09:23:41.009124 0 000000091206061
2018-02-06 09:23:42.315486 0 000000117219211
2018-02-06 09:23:59.336288 0 000000091206061
2018-02-06 09:25:33.423882 0 000000117219243
2018-02-06 09:25:54.882773 0 000000117219243
2018-02-06 09:27:43.649384 0 000000115061150
2018-02-06 09:41:53.479420 0 000000113169072
2018-02-06 09:46:44.719680 0 033000025036189
2018-02-06 09:46:50.257201 0 033000025036189
2018-02-06 09:48:24.143180 0 000000091206094
2018-02-06 09:48:46.501439 0 000000130227080
2018-02-06 09:48:58.990390 0 000000112057203
2018-02-06 09:49:58.014163 0 000000118115241
2018-02-06 09:50:40.920492 0 000000130227085
2018-02-06 09:50:44.846757 0 000000112055201
2018-02-06 09:50:46.156987 0 000000118115192
2018-02-06 09:54:36.444759 0 000000115065171
2018-02-06 09:54:41.178162 0 000000113220102
2018-02-06 09:57:55.700540 0 000000118132095
2018-02-06 09:57:59.828140 0 000000118132095
2018-02-06 09:58:06.070543 0 000000091206025
2018-02-06 10:02:59.624078 0 000000113169124
2018-02-06 10:16:02.367717 0 000000115060219
2018-02-06 10:16:05.488026 0 000000118115224
2018-02-06 10:30:40.575663 0 000000117072208
2018-02-06 10:44:38.197738 0 000000131031040
2018-02-06 10:46:38.975518 0 000000113221028
2018-02-06 10:50:16.973427 0 000000118116017
2018-02-06 10:54:42.612555 0 000000113006101
2018-02-06 10:55:42.046614 0 000000130227125
2018-02-06 10:55:45.367137 0 000000112059248
2018-02-06 10:55:54.934081 0 000000112059248
2018-02-06 11:01:30.180783 0 000000115060187
2018-02-06 11:02:24.171189 0 000000115060251
2018-02-06 11:24:24.473919 0 000000118131147
2018-02-06 12:06:40.330391 0 000000115060218
2018-02-06 12:18:43.023232 0 000000113221060
2018-02-06 13:04:15.453909 0 000000113008196
2018-02-06 13:34:29.934191 0 000000117219243
2018-02-06 14:01:45.540033 0 000000117219243
2018-02-06 14:12:09.499662 0 000000118115224
2018-02-06 14:40:23.535291 0 000000089025225
2018-02-06 14:43:21.594896 0 000000118132032
2018-02-06 14:46:37.893940 0 000000112057203
2018-02-06 14:57:49.598179 0 000000130227085
2018-02-06 15:07:22.696941 0 000000115060250
2018-02-06 15:07:33.272086 0 000000091206061
2018-02-06 15:09:31.939614 0 000000118115224
2018-02-06 15:10:04.374679 0 010000065249014
2018-02-06 15:58:27.390248 0 000000091205248
2018-02-06 17:26:01.195554 0 000000115061150
2018-02-06 18:04:51.544898 0 000000117219211
2018-02-06 18:05:07.758514 0 000000117219243
2018-02-06 18:14:06.899402 0 000000118132095
2018-02-06 18:55:57.574513 0 000000118115224
2018-02-06 19:06:43.995062 0 000000113221043
2018-02-06 19:08:13.240265 0 000000118115241
2018-02-06 19:15:38.673231 0 000000113006101
2018-02-06 19:43:35.084035 connected
2018-02-06 19:47:55.397311 0 000000118132032
2018-02-06 20:03:08.320137 0 000000113008196
2018-02-06 20:03:20.606187 0 000000113008196
2018-02-06 20:28:36.321034 0 000000115060187
2018-02-06 21:42:13.606311 0 000000112055223
2018-02-06 21:47:10.965530 0 000000112051099
2018-02-06 22:05:20.384733 0 000000113221028
2018-02-06 22:05:22.292297 0 000000130227125
2018-02-06 22:05:29.233852 0 000000112059248
2018-02-06 22:05:32.854186 0 000000112059248
2018-02-06 22:07:22.601268 0 000000055186130
2018-02-07 06:42:18.603739 0 000000112051099
2018-02-07 07:20:46.197666 0 000000113008196
2018-02-07 07:43:36.347112 0 000000112241021
2018-02-07 07:54:52.197043 0 000000113221043
2018-02-07 08:31:19.698189 0 000000113169040
2018-02-07 08:53:16.293987 0 000000091205248
2018-02-07 08:55:17.579404 0 000000118132063
2018-02-07 09:05:58.884150 0 000000112054031
2018-02-07 09:13:39.165116 0 000000118132095
2018-02-07 09:14:59.843615 0 000000117219211
2018-02-07 09:15:08.299044 0 000000117219211
2018-02-07 09:15:16.856979 0 000000117219211
2018-02-07 09:18:12.944650 0 000000091206061
2018-02-07 09:19:38.563933 0 000000055186130
2018-02-07 09:36:33.937190 0 000000115060250
2018-02-07 09:38:04.905781 0 000000130227085
2018-02-07 09:42:57.955202 0 000000112057203
2018-02-07 09:43:24.141390 0 000000113169072
2018-02-07 09:43:46.605176 0 000000113169072
2018-02-07 09:45:43.355012 0 000000130227156
2018-02-07 09:47:12.423220 0 000000118115192
2018-02-07 09:47:15.240563 0 000000118115192
2018-02-07 09:50:22.817545 0 000000130227080
2018-02-07 09:50:39.641486 0 000000130227080
2018-02-07 09:51:01.192422 0 000000118115241
2018-02-07 09:54:23.167036 0 000000112055201
2018-02-07 09:54:26.689763 0 000000112055201
2018-02-07 09:57:51.561702 0 000000113220102
2018-02-07 09:58:00.523469 0 000000113220102
2018-02-07 10:01:26.426814 0 000000113169091
2018-02-07 10:06:13.532735 0 000000115060187
2018-02-07 10:12:29.331941 0 000000115060219
2018-02-07 10:12:43.330865 0 000000115060219
2018-02-07 10:13:31.172900 0 000000118115224
2018-02-07 10:16:13.274751 0 000000115061150
2018-02-07 10:19:28.805027 0 000000118116017
2018-02-07 10:19:45.727707 0 000000118116017
2018-02-07 10:25:28.241364 0 000000118115241
2018-02-07 10:25:35.998465 0 000000118115241
2018-02-07 10:25:37.808644 0 000000118115209
2018-02-07 10:28:48.100178 0 000000118115241
2018-02-07 10:30:29.558671 0 000000117072208
2018-02-07 10:35:24.031127 0 000000112238247
2018-02-07 10:43:09.541977 0 000000131031040
2018-02-07 10:43:14.376399 0 000000131031040
2018-02-07 10:43:17.999824 0 000000131031040
2018-02-07 10:43:21.019946 0 000000131031040
2018-02-07 10:43:23.635318 0 000000112251141
2018-02-07 10:44:52.780437 0 000000113221028
2018-02-07 10:55:30.982840 0 000000130227125
2018-02-07 11:04:14.222893 0 000000115060251
2018-02-07 11:04:22.478943 0 000000115060251
2018-02-07 11:14:51.719207 0 067000094194194
2018-02-07 11:55:18.028068 0 000000120250081
2018-02-07 12:16:49.000893 0 000000118131147
2018-02-07 12:43:59.144275 0 000000112241021
2018-02-07 12:44:02.162544 0 000000113008196
2018-02-07 13:00:42.539444 0 000000113006101
2018-02-07 13:10:21.312892 0 000000112052153
2018-02-07 13:10:57.777984 0 000000112052153
2018-02-07 13:12:15.435387 0 000000055186130
2018-02-07 13:28:18.236359 0 000000112241021
2018-02-07 13:28:20.449826 0 000000113008196
2018-02-07 13:28:28.004042 0 000000113008196
2018-02-07 13:28:36.664810 0 000000113008196
2018-02-07 13:28:44.621164 0 000000113008196
2018-02-07 14:11:22.542481 0 000000091206025
2018-02-07 14:30:56.981227 0 000000089025225
2018-02-07 14:59:45.838594 0 000000130227080
2018-02-07 14:59:46.946920 0 000000130227085
2018-02-07 15:07:56.010993 0 000000091206061
2018-02-07 15:30:20.754260 0 000000112057203
2018-02-07 16:16:47.492784 0 000000118115209
2018-02-07 16:41:18.375500 0 000000091205248
2018-02-07 16:41:33.580339 0 000000118132095
2018-02-07 17:04:35.906081 0 000000112241021
2018-02-07 17:48:52.840985 0 000000118115224
2018-02-07 18:11:08.993404 0 000000115060219
2018-02-07 18:20:53.406974 0 000000112052153
2018-02-07 18:20:55.419411 0 000000112238247
2018-02-07 18:47:15.470214 0 000000117072208
2018-02-07 18:47:31.985454 0 000000117072208
2018-02-07 18:59:43.268924 0 000000113006101
2018-02-07 19:04:57.871421 0 000000113221043
2018-02-07 19:07:23.024001 0 000000055186130
2018-02-07 19:07:31.183137 0 000000091206025
2018-02-07 19:11:08.882870 0 000000130227156
2018-02-07 19:23:47.846262 0 000000113169091
2018-02-07 19:38:59.141575 0 000000120250057
2018-02-07 19:44:19.095571 0 000000115060251
2018-02-07 19:45:44.223206 0 000000118116017
2018-02-07 19:46:50.811222 0 000000113169102
2018-02-07 20:39:00.476564 0 000000112047063
2018-02-07 20:39:04.806386 0 000000112047063
2018-02-07 20:39:12.761856 0 000000112047063
2018-02-07 20:39:23.136761 0 000000112047063
2018-02-07 20:52:43.737642 0 000000115060250
2018-02-07 21:46:31.952402 0 000000112051099
2018-02-07 21:46:36.279696 0 000000112051099
